[2013-03-18 19:16:01] START
[2013-04-04 15:32:20] EDIT LibMan/views/layout.html: -29
[2013-04-05 23:06:28] EDIT LibMan/views/default/newbookreq.html: 1
[2013-04-05 23:07:58] EDIT LibMan/views/default/newbookreq.html: 0
[2013-04-05 23:10:08] EDIT LibMan/views/default/newbookreq.html: 0
[2013-04-05 23:10:37] EDIT LibMan/views/default/newbookreq.html: 0
[2013-04-05 23:10:50] EDIT LibMan/views/default/newbookreq.html: 0
[2013-04-05 23:10:52] EDIT LibMan/views/default/newbookreq.html: 0
[2013-04-05 23:11:02] EDIT LibMan/views/default/newbookreq.html: 0
[2013-04-05 23:14:33] EDIT LibMan/views/default/newbookreq.html: 0
[2013-04-05 23:14:54] EDIT LibMan/views/default/newbookreq.html: -1
[2013-04-05 23:31:22] EDIT LibMan/views/default/newbookreq.html: -2
[2013-04-05 23:33:07] EDIT LibMan/views/default/newbookreq.html: 1
[2013-04-05 23:36:51] EDIT LibMan/views/default/newbookreq.html: -14
[2013-04-05 23:37:33] EDIT LibMan/views/default/newbookreq.html: 6
[2013-04-05 23:38:29] EDIT LibMan/views/default/newbookreq.html: 1
[2013-04-05 23:39:00] EDIT LibMan/views/default/newbookreq.html: 1
[2013-04-05 23:39:30] EDIT LibMan/views/default/newbookreq.html: -1
[2013-04-05 23:40:57] EDIT LibMan/views/default/newbookreq.html: 9
[2013-04-05 23:41:18] EDIT LibMan/views/default/newbookreq.html: 1
[2013-04-05 23:41:56] EDIT LibMan/views/default/newbookreq.html: -1
[2013-04-05 23:42:40] EDIT LibMan/views/default/newbookreq.html: -9
[2013-04-05 23:43:46] EDIT LibMan/views/default/newbookreq.html: 7
[2013-04-05 23:45:02] EDIT LibMan/views/default/newbookreq.html: 2
[2013-04-05 23:45:21] EDIT LibMan/views/default/newbookreq.html: 1
[2013-04-16 16:07:28] EDIT LibMan/views/plugin_layouts/layouts/OrangeandBlack.html: -7
[2013-04-16 16:10:04] EDIT LibMan/views/plugin_layouts/layouts/OrangeandBlack.html: -52
[2013-04-16 18:05:40] EDIT LibMan/views/layout.html: 0
[2013-04-16 18:08:55] EDIT LibMan/views/layout.html: 3
[2013-04-16 18:10:13] EDIT LibMan/views/layout.html: 0
[2013-04-16 18:13:38] EDIT LibMan/views/default/search.html: 0
[2013-04-16 18:13:46] EDIT LibMan/views/default/search.html: 0
[2013-04-16 18:15:06] EDIT LibMan/views/default/search.html: 0
[2013-04-16 18:16:51] EDIT LibMan/views/default/search.html: 0
[2013-04-16 18:17:22] EDIT LibMan/views/default/search.html: 0
[2013-04-16 18:18:00] EDIT LibMan/views/default/search.html: 0
